<?xml version="1.0" encoding="UTF-8"?>
<!-- Generated by org.testng.reporters.JUnitReportReporter -->
<testsuite hostname="Qspider-PC" name="com.acttime.usertest.USerTest" tests="2" failures="0" timestamp="18 Aug 2016 14:19:34 GMT" time="13.856" errors="0">
  <testcase name="createUserTest" time="8.056" classname="com.acttime.usertest.USerTest"/>
  <testcase name="modifyUSerTest" time="5.800" classname="com.acttime.usertest.USerTest"/>
</testsuite> <!-- com.acttime.usertest.USerTest -->
