<?xml version="1.0" encoding="UTF-8"?>
<!-- Generated by org.testng.reporters.JUnitReportReporter -->
<testsuite hostname="Qspider-PC" name="com.acttime.customertest.CustomerTest" tests="2" failures="0" timestamp="18 Aug 2016 14:19:34 GMT" time="4.793" errors="0">
  <testcase name="modifyCustomerTest" time="0.680" classname="com.acttime.customertest.CustomerTest"/>
  <testcase name="createCustomerTest" time="4.113" classname="com.acttime.customertest.CustomerTest"/>
</testsuite> <!-- com.acttime.customertest.CustomerTest -->
